<?xml version="1.0" encoding="UTF-8"?>
<!-- Generated by org.testng.reporters.JUnitXMLReporter -->
<testsuite ignored="0" hostname="DESKTOP-QPBI68O" failures="0" tests="9" name="Default test" time="89.969" errors="0" timestamp="2022-05-15T19:49:51 IST">
  <testcase classname="com.functionaltesting.scripts.Admin_TestClass" name="Admin_login_InvalidEmail" time="12.744"/>
  <testcase classname="com.functionaltesting.scripts.Admin_TestClass" name="Admin_login_InvalidPassword" time="6.147"/>
  <testcase classname="com.functionaltesting.scripts.Admin_TestClass" name="Admin_login_ValidData" time="8.732"/>
  <testcase classname="com.functionaltesting.scripts.Admin_TestClass" name="Test_bookingslink" time="11.647"/>
  <testcase classname="com.functionaltesting.scripts.Admin_TestClass" name="Delete_Record" time="13.218"/>
  <testcase classname="com.functionaltesting.scripts.Admin_TestClass" name="Display_Invoice" time="10.333"/>
  <testcase classname="com.functionaltesting.scripts.Admin_TestClass" name="test_websiteLink" time="10.269"/>
  <testcase classname="com.functionaltesting.scripts.Admin_TestClass" name="BookingStatus_Change" time="2.384"/>
  <testcase classname="com.functionaltesting.scripts.Admin_TestClass" name="logout" time="9.602"/>
</testsuite> <!-- Default test -->
