<?xml version="1.0" encoding="UTF-8"?>
<testng-results ignored="0" total="9" passed="9" failed="0" skipped="0">
  <reporter-output>
  </reporter-output>
  <suite started-at="2022-05-15T19:48:21 IST" name="Default suite" finished-at="2022-05-15T19:49:51 IST" duration-ms="89969">
    <groups>
    </groups>
    <test started-at="2022-05-15T19:48:21 IST" name="Default test" finished-at="2022-05-15T19:49:51 IST" duration-ms="89969">
      <class name="com.functionaltesting.scripts.Admin_TestClass">
        <test-method is-config="true" signature="onSetup()[pri:0, instance:com.functionaltesting.scripts.Admin_TestClass@4a003cbe]" started-at="2022-05-15T19:48:21 IST" name="onSetup" finished-at="2022-05-15T19:48:26 IST" duration-ms="4699" status="PASS">
          <reporter-output>
          </reporter-output>
        </test-method> <!-- onSetup -->
        <test-method signature="Admin_login_InvalidEmail()[pri:1, instance:com.functionaltesting.scripts.Admin_TestClass@4a003cbe]" started-at="2022-05-15T19:48:26 IST" name="Admin_login_InvalidEmail" finished-at="2022-05-15T19:48:39 IST" duration-ms="12744" status="PASS">
          <reporter-output>
          </reporter-output>
        </test-method> <!-- Admin_login_InvalidEmail -->
        <test-method is-config="true" signature="tearDown(org.testng.ITestResult)[pri:0, instance:com.functionaltesting.scripts.Admin_TestClass@4a003cbe]" started-at="2022-05-15T19:48:39 IST" name="tearDown" finished-at="2022-05-15T19:48:39 IST" duration-ms="3" status="PASS">
          <params>
            <param index="0">
              <value>
                <![CDATA[[TestResult name=Admin_login_InvalidEmail status=SUCCESS method=Admin_TestClass.Admin_login_InvalidEmail()[pri:1, instance:com.functionaltesting.scripts.Admin_TestClass@4a003cbe] output={null}]]]>
              </value>
            </param>
          </params>
          <reporter-output>
          </reporter-output>
        </test-method> <!-- tearDown -->
        <test-method signature="Admin_login_InvalidPassword()[pri:2, instance:com.functionaltesting.scripts.Admin_TestClass@4a003cbe]" started-at="2022-05-15T19:48:39 IST" name="Admin_login_InvalidPassword" finished-at="2022-05-15T19:48:45 IST" duration-ms="6147" status="PASS">
          <reporter-output>
          </reporter-output>
        </test-method> <!-- Admin_login_InvalidPassword -->
        <test-method is-config="true" signature="tearDown(org.testng.ITestResult)[pri:0, instance:com.functionaltesting.scripts.Admin_TestClass@4a003cbe]" started-at="2022-05-15T19:48:45 IST" name="tearDown" finished-at="2022-05-15T19:48:45 IST" duration-ms="1" status="PASS">
          <params>
            <param index="0">
              <value>
                <![CDATA[[TestResult name=Admin_login_InvalidPassword status=SUCCESS method=Admin_TestClass.Admin_login_InvalidPassword()[pri:2, instance:com.functionaltesting.scripts.Admin_TestClass@4a003cbe] output={null}]]]>
              </value>
            </param>
          </params>
          <reporter-output>
          </reporter-output>
        </test-method> <!-- tearDown -->
        <test-method signature="Admin_login_ValidData()[pri:3, instance:com.functionaltesting.scripts.Admin_TestClass@4a003cbe]" started-at="2022-05-15T19:48:45 IST" name="Admin_login_ValidData" finished-at="2022-05-15T19:48:54 IST" duration-ms="8732" status="PASS">
          <reporter-output>
          </reporter-output>
        </test-method> <!-- Admin_login_ValidData -->
        <test-method is-config="true" signature="tearDown(org.testng.ITestResult)[pri:0, instance:com.functionaltesting.scripts.Admin_TestClass@4a003cbe]" started-at="2022-05-15T19:48:54 IST" name="tearDown" finished-at="2022-05-15T19:48:54 IST" duration-ms="1" status="PASS">
          <params>
            <param index="0">
              <value>
                <![CDATA[[TestResult name=Admin_login_ValidData status=SUCCESS method=Admin_TestClass.Admin_login_ValidData()[pri:3, instance:com.functionaltesting.scripts.Admin_TestClass@4a003cbe] output={null}]]]>
              </value>
            </param>
          </params>
          <reporter-output>
          </reporter-output>
        </test-method> <!-- tearDown -->
        <test-method signature="Test_bookingslink()[pri:4, instance:com.functionaltesting.scripts.Admin_TestClass@4a003cbe]" started-at="2022-05-15T19:48:54 IST" name="Test_bookingslink" finished-at="2022-05-15T19:49:05 IST" duration-ms="11647" status="PASS">
          <reporter-output>
          </reporter-output>
        </test-method> <!-- Test_bookingslink -->
        <test-method is-config="true" signature="tearDown(org.testng.ITestResult)[pri:0, instance:com.functionaltesting.scripts.Admin_TestClass@4a003cbe]" started-at="2022-05-15T19:49:05 IST" name="tearDown" finished-at="2022-05-15T19:49:05 IST" duration-ms="0" status="PASS">
          <params>
            <param index="0">
              <value>
                <![CDATA[[TestResult name=Test_bookingslink status=SUCCESS method=Admin_TestClass.Test_bookingslink()[pri:4, instance:com.functionaltesting.scripts.Admin_TestClass@4a003cbe] output={null}]]]>
              </value>
            </param>
          </params>
          <reporter-output>
          </reporter-output>
        </test-method> <!-- tearDown -->
        <test-method signature="Delete_Record()[pri:5, instance:com.functionaltesting.scripts.Admin_TestClass@4a003cbe]" started-at="2022-05-15T19:49:05 IST" name="Delete_Record" finished-at="2022-05-15T19:49:19 IST" duration-ms="13218" status="PASS">
          <reporter-output>
          </reporter-output>
        </test-method> <!-- Delete_Record -->
        <test-method is-config="true" signature="tearDown(org.testng.ITestResult)[pri:0, instance:com.functionaltesting.scripts.Admin_TestClass@4a003cbe]" started-at="2022-05-15T19:49:19 IST" name="tearDown" finished-at="2022-05-15T19:49:19 IST" duration-ms="0" status="PASS">
          <params>
            <param index="0">
              <value>
                <![CDATA[[TestResult name=Delete_Record status=SUCCESS method=Admin_TestClass.Delete_Record()[pri:5, instance:com.functionaltesting.scripts.Admin_TestClass@4a003cbe] output={null}]]]>
              </value>
            </param>
          </params>
          <reporter-output>
          </reporter-output>
        </test-method> <!-- tearDown -->
        <test-method signature="Display_Invoice()[pri:5, instance:com.functionaltesting.scripts.Admin_TestClass@4a003cbe]" started-at="2022-05-15T19:49:19 IST" name="Display_Invoice" finished-at="2022-05-15T19:49:29 IST" duration-ms="10333" status="PASS">
          <reporter-output>
          </reporter-output>
        </test-method> <!-- Display_Invoice -->
        <test-method is-config="true" signature="tearDown(org.testng.ITestResult)[pri:0, instance:com.functionaltesting.scripts.Admin_TestClass@4a003cbe]" started-at="2022-05-15T19:49:29 IST" name="tearDown" finished-at="2022-05-15T19:49:29 IST" duration-ms="0" status="PASS">
          <params>
            <param index="0">
              <value>
                <![CDATA[[TestResult name=Display_Invoice status=SUCCESS method=Admin_TestClass.Display_Invoice()[pri:5, instance:com.functionaltesting.scripts.Admin_TestClass@4a003cbe] output={null}]]]>
              </value>
            </param>
          </params>
          <reporter-output>
          </reporter-output>
        </test-method> <!-- tearDown -->
        <test-method signature="test_websiteLink()[pri:6, instance:com.functionaltesting.scripts.Admin_TestClass@4a003cbe]" started-at="2022-05-15T19:49:29 IST" name="test_websiteLink" finished-at="2022-05-15T19:49:39 IST" duration-ms="10269" status="PASS">
          <reporter-output>
          </reporter-output>
        </test-method> <!-- test_websiteLink -->
        <test-method is-config="true" signature="tearDown(org.testng.ITestResult)[pri:0, instance:com.functionaltesting.scripts.Admin_TestClass@4a003cbe]" started-at="2022-05-15T19:49:39 IST" name="tearDown" finished-at="2022-05-15T19:49:39 IST" duration-ms="1" status="PASS">
          <params>
            <param index="0">
              <value>
                <![CDATA[[TestResult name=test_websiteLink status=SUCCESS method=Admin_TestClass.test_websiteLink()[pri:6, instance:com.functionaltesting.scripts.Admin_TestClass@4a003cbe] output={null}]]]>
              </value>
            </param>
          </params>
          <reporter-output>
          </reporter-output>
        </test-method> <!-- tearDown -->
        <test-method signature="BookingStatus_Change()[pri:7, instance:com.functionaltesting.scripts.Admin_TestClass@4a003cbe]" started-at="2022-05-15T19:49:39 IST" name="BookingStatus_Change" finished-at="2022-05-15T19:49:42 IST" duration-ms="2384" status="PASS">
          <reporter-output>
          </reporter-output>
        </test-method> <!-- BookingStatus_Change -->
        <test-method is-config="true" signature="tearDown(org.testng.ITestResult)[pri:0, instance:com.functionaltesting.scripts.Admin_TestClass@4a003cbe]" started-at="2022-05-15T19:49:42 IST" name="tearDown" finished-at="2022-05-15T19:49:42 IST" duration-ms="1" status="PASS">
          <params>
            <param index="0">
              <value>
                <![CDATA[[TestResult name=BookingStatus_Change status=SUCCESS method=Admin_TestClass.BookingStatus_Change()[pri:7, instance:com.functionaltesting.scripts.Admin_TestClass@4a003cbe] output={null}]]]>
              </value>
            </param>
          </params>
          <reporter-output>
          </reporter-output>
        </test-method> <!-- tearDown -->
        <test-method signature="logout()[pri:8, instance:com.functionaltesting.scripts.Admin_TestClass@4a003cbe]" started-at="2022-05-15T19:49:42 IST" name="logout" finished-at="2022-05-15T19:49:51 IST" duration-ms="9602" status="PASS">
          <reporter-output>
          </reporter-output>
        </test-method> <!-- logout -->
        <test-method is-config="true" signature="tearDown(org.testng.ITestResult)[pri:0, instance:com.functionaltesting.scripts.Admin_TestClass@4a003cbe]" started-at="2022-05-15T19:49:51 IST" name="tearDown" finished-at="2022-05-15T19:49:51 IST" duration-ms="1" status="PASS">
          <params>
            <param index="0">
              <value>
                <![CDATA[[TestResult name=logout status=SUCCESS method=Admin_TestClass.logout()[pri:8, instance:com.functionaltesting.scripts.Admin_TestClass@4a003cbe] output={null}]]]>
              </value>
            </param>
          </params>
          <reporter-output>
          </reporter-output>
        </test-method> <!-- tearDown -->
      </class> <!-- com.functionaltesting.scripts.Admin_TestClass -->
    </test> <!-- Default test -->
  </suite> <!-- Default suite -->
</testng-results>
